app/build/intermediates/manifest_merge_blame_file/debug/manifest-merger-blame-debug-report.txt
1<?xml version="1.0" encoding="utf-8"?>
2<manifest xmlns:android="http://schemas.android.com/apk/res/android"
3    package="com.star.zodiacapp"
4    android:versionCode="1"
5    android:versionName="1.0" >
6
7    <uses-sdk
8        android:minSdkVersion="26"
8-->src\main\AndroidManifest.xml
9        android:targetSdkVersion="33" />
9-->src\main\AndroidManifest.xml
10
11    <uses-permission android:name="android.permission.INTERNET" />
11-->src\main\AndroidManifest.xml:5:5-67
11-->src\main\AndroidManifest.xml:5:22-64
12    <uses-permission android:name="android.permission.ACCESS_NETWORK_STATE" />
12-->src\main\AndroidManifest.xml:6:5-79
12-->src\main\AndroidManifest.xml:6:22-76
13
14    <application
14-->src\main\AndroidManifest.xml:8:5-49:19
15        android:allowBackup="true"
15-->src\main\AndroidManifest.xml:9:9-35
16        android:appComponentFactory="androidx.core.app.CoreComponentFactory"
16-->[androidx.core:core:1.8.0] AndroidManifest.xml:24:18-86
17        android:dataExtractionRules="@xml/data_extraction_rules"
17-->src\main\AndroidManifest.xml:10:9-65
18        android:debuggable="true"
19        android:extractNativeLibs="false"
20        android:fullBackupContent="@xml/backup_rules"
20-->src\main\AndroidManifest.xml:11:9-54
21        android:icon="@mipmap/ic_launcher"
21-->src\main\AndroidManifest.xml:12:9-43
22        android:label="@string/app_name"
22-->src\main\AndroidManifest.xml:13:9-41
23        android:roundIcon="@mipmap/ic_launcher_round"
23-->src\main\AndroidManifest.xml:14:9-54
24        android:supportsRtl="true"
24-->src\main\AndroidManifest.xml:15:9-35
25        android:testOnly="true"
26        android:theme="@style/Theme.ZodiacApp" >
26-->src\main\AndroidManifest.xml:16:9-47
27        <activity
27-->src\main\AndroidManifest.xml:18:9-24:20
28            android:name="com.star.zodiacapp.ZodiacFullActivity"
28-->src\main\AndroidManifest.xml:19:13-47
29            android:exported="false" >
29-->src\main\AndroidManifest.xml:20:13-37
30            <meta-data
30-->src\main\AndroidManifest.xml:21:13-23:36
31                android:name="android.app.lib_name"
31-->src\main\AndroidManifest.xml:22:17-52
32                android:value="" />
32-->src\main\AndroidManifest.xml:23:17-33
33        </activity>
34        <activity
34-->src\main\AndroidManifest.xml:25:9-31:20
35            android:name="com.star.zodiacapp.ZodiacActivity"
35-->src\main\AndroidManifest.xml:26:13-43
36            android:exported="false" >
36-->src\main\AndroidManifest.xml:27:13-37
37            <meta-data
37-->src\main\AndroidManifest.xml:21:13-23:36
38                android:name="android.app.lib_name"
38-->src\main\AndroidManifest.xml:22:17-52
39                android:value="" />
39-->src\main\AndroidManifest.xml:23:17-33
40        </activity>
41        <activity
41-->src\main\AndroidManifest.xml:32:9-44:20
42            android:name="com.star.zodiacapp.MainActivity"
42-->src\main\AndroidManifest.xml:33:13-41
43            android:exported="true" >
43-->src\main\AndroidManifest.xml:34:13-36
44            <intent-filter>
44-->src\main\AndroidManifest.xml:35:13-39:29
45                <action android:name="android.intent.action.MAIN" />
45-->src\main\AndroidManifest.xml:36:17-69
45-->src\main\AndroidManifest.xml:36:25-66
46
47                <category android:name="android.intent.category.LAUNCHER" />
47-->src\main\AndroidManifest.xml:38:17-77
47-->src\main\AndroidManifest.xml:38:27-74
48            </intent-filter>
49
50            <meta-data
50-->src\main\AndroidManifest.xml:21:13-23:36
51                android:name="android.app.lib_name"
51-->src\main\AndroidManifest.xml:22:17-52
52                android:value="" />
52-->src\main\AndroidManifest.xml:23:17-33
53        </activity>
54
55        <meta-data
55-->src\main\AndroidManifest.xml:46:9-48:57
56            android:name="preloaded_fonts"
56-->src\main\AndroidManifest.xml:47:13-43
57            android:resource="@array/preloaded_fonts" />
57-->src\main\AndroidManifest.xml:48:13-54
58
59        <provider
59-->[androidx.emoji2:emoji2:1.2.0] AndroidManifest.xml:24:9-32:20
60            android:name="androidx.startup.InitializationProvider"
60-->[androidx.emoji2:emoji2:1.2.0] AndroidManifest.xml:25:13-67
61            android:authorities="com.star.zodiacapp.androidx-startup"
61-->[androidx.emoji2:emoji2:1.2.0] AndroidManifest.xml:26:13-68
62            android:exported="false" >
62-->[androidx.emoji2:emoji2:1.2.0] AndroidManifest.xml:27:13-37
63            <meta-data
63-->[androidx.emoji2:emoji2:1.2.0] AndroidManifest.xml:29:13-31:52
64                android:name="androidx.emoji2.text.EmojiCompatInitializer"
64-->[androidx.emoji2:emoji2:1.2.0] AndroidManifest.xml:30:17-75
65                android:value="androidx.startup" />
65-->[androidx.emoji2:emoji2:1.2.0] AndroidManifest.xml:31:17-49
66            <meta-data
66-->[androidx.lifecycle:lifecycle-process:2.4.1] AndroidManifest.xml:31:13-33:52
67                android:name="androidx.lifecycle.ProcessLifecycleInitializer"
67-->[androidx.lifecycle:lifecycle-process:2.4.1] AndroidManifest.xml:32:17-78
68                android:value="androidx.startup" />
68-->[androidx.lifecycle:lifecycle-process:2.4.1] AndroidManifest.xml:33:17-49
69        </provider>
70    </application>
71
72</manifest>